Using pre-set license
Built from '2020.3/staging' branch; Version is '2020.3.25f1 (9b9180224418) revision 10195328'; Using compiler version '192528614'; Build Type 'Release'
OS: 'Windows 10  (10.0.19042) 64bit Enterprise' Language: 'en' Physical Memory: 16302 MB
BatchMode: 1, IsHumanControllingUs: 0, StartBugReporterOnCrash: 0, Is64bit: 1, IsPro: 0

COMMAND LINE ARGUMENTS:
C:\Program Files\Unity\Hub\Editor\2020.3.25f1\Editor\Unity.exe
-adb2
-batchMode
-noUpm
-name
AssetImportWorker0
-projectPath
C:/GitHub/CC-Shaders/CC_Shaders
-logFile
Logs/AssetImportWorker0.log
-srvPort
64583
Successfully changed project path to: C:/GitHub/CC-Shaders/CC_Shaders
C:/GitHub/CC-Shaders/CC_Shaders
Using Asset Import Pipeline V2.
Refreshing native plugins compatible for Editor in 51.98 ms, found 2 plugins.
Preloading 0 native plugins for Editor in 0.00 ms.
Initialize engine version: 2020.3.25f1 (9b9180224418)
[Subsystems] Discovering subsystems at path C:/Program Files/Unity/Hub/Editor/2020.3.25f1/Editor/Data/Resources/UnitySubsystems
[Subsystems] Discovering subsystems at path C:/GitHub/CC-Shaders/CC_Shaders/Assets
GfxDevice: creating device client; threaded=0
Direct3D:
    Version:  Direct3D 11.0 [level 11.1]
    Renderer: NVIDIA GeForce RTX 2060 (ID=0x1f08)
    Vendor:   
    VRAM:     5980 MB
    Driver:   30.0.14.9709
Initialize mono
Mono path[0] = 'C:/Program Files/Unity/Hub/Editor/2020.3.25f1/Editor/Data/Managed'
Mono path[1] = 'C:/Program Files/Unity/Hub/Editor/2020.3.25f1/Editor/Data/MonoBleedingEdge/lib/mono/unityjit'
Mono config path = 'C:/Program Files/Unity/Hub/Editor/2020.3.25f1/Editor/Data/MonoBleedingEdge/etc'
Using monoOptions --debugger-agent=transport=dt_socket,embedding=1,server=y,suspend=n,address=127.0.0.1:56928
Begin MonoManager ReloadAssembly
Registering precompiled unity dll's ...
Register platform support module: C:/Program Files/Unity/Hub/Editor/2020.3.25f1/Editor/Data/PlaybackEngines/WebGLSupport/UnityEditor.WebGL.Extensions.dll
Register platform support module: C:/Program Files/Unity/Hub/Editor/2020.3.25f1/Editor/Data/PlaybackEngines/WindowsStandaloneSupport/UnityEditor.WindowsStandalone.Extensions.dll
Registered in 0.002449 seconds.
Native extension for WindowsStandalone target not found
Native extension for WebGL target not found
Refreshing native plugins compatible for Editor in 52.16 ms, found 2 plugins.
Preloading 0 native plugins for Editor in 0.00 ms.
Mono: successfully reloaded assembly
- Completed reload, in  0.491 seconds
Domain Reload Profiling:
	ReloadAssembly (491ms)
		BeginReloadAssembly (47ms)
			ExecutionOrderSort (0ms)
			DisableScriptedObjects (0ms)
			BackupInstance (0ms)
			ReleaseScriptingObjects (0ms)
			CreateAndSetChildDomain (1ms)
		EndReloadAssembly (381ms)
			LoadAssemblies (46ms)
			RebuildTransferFunctionScriptingTraits (0ms)
			SetupTypeCache (119ms)
			ReleaseScriptCaches (0ms)
			RebuildScriptCaches (25ms)
			SetupLoadedEditorAssemblies (155ms)
				LogAssemblyErrors (0ms)
				InitializePlatformSupportModulesInManaged (5ms)
				SetLoadedEditorAssemblies (0ms)
				RefreshPlugins (52ms)
				BeforeProcessingInitializeOnLoad (14ms)
				ProcessInitializeOnLoadAttributes (63ms)
				ProcessInitializeOnLoadMethodAttributes (21ms)
				AfterProcessingInitializeOnLoad (0ms)
				EditorAssembliesLoaded (0ms)
			ExecutionOrderSort2 (0ms)
			AwakeInstancesAfterBackupRestoration (0ms)
Platform modules already initialized, skipping
Registering precompiled user dll's ...
Registered in 0.004843 seconds.
Begin MonoManager ReloadAssembly
Native extension for WindowsStandalone target not found
Native extension for WebGL target not found
Refreshing native plugins compatible for Editor in 51.57 ms, found 2 plugins.
Preloading 0 native plugins for Editor in 0.00 ms.
Mono: successfully reloaded assembly
- Completed reload, in  0.997 seconds
Domain Reload Profiling:
	ReloadAssembly (998ms)
		BeginReloadAssembly (125ms)
			ExecutionOrderSort (0ms)
			DisableScriptedObjects (4ms)
			BackupInstance (0ms)
			ReleaseScriptingObjects (0ms)
			CreateAndSetChildDomain (16ms)
		EndReloadAssembly (818ms)
			LoadAssemblies (79ms)
			RebuildTransferFunctionScriptingTraits (0ms)
			SetupTypeCache (279ms)
			ReleaseScriptCaches (1ms)
			RebuildScriptCaches (64ms)
			SetupLoadedEditorAssemblies (299ms)
				LogAssemblyErrors (0ms)
				InitializePlatformSupportModulesInManaged (4ms)
				SetLoadedEditorAssemblies (0ms)
				RefreshPlugins (52ms)
				BeforeProcessingInitializeOnLoad (81ms)
				ProcessInitializeOnLoadAttributes (148ms)
				ProcessInitializeOnLoadMethodAttributes (8ms)
				AfterProcessingInitializeOnLoad (6ms)
				EditorAssembliesLoaded (0ms)
			ExecutionOrderSort2 (0ms)
			AwakeInstancesAfterBackupRestoration (5ms)
Platform modules already initialized, skipping
========================================================================
Worker process is ready to serve import requests
Launched and connected shader compiler UnityShaderCompiler.exe after 0.03 seconds
Refreshing native plugins compatible for Editor in 1.10 ms, found 2 plugins.
Preloading 0 native plugins for Editor in 0.00 ms.
Unloading 3330 Unused Serialized files (Serialized files now loaded: 0)
System memory in use before: 144.1 MB.
System memory in use after: 144.3 MB.

Unloading 20 unused Assets to reduce memory usage. Loaded Objects now: 3762.
Total: 3.290300 ms (FindLiveObjects: 0.347300 ms CreateObjectMapping: 0.084200 ms MarkObjects: 2.770800 ms  DeleteObjects: 0.087000 ms)

AssetImportParameters requested are different than current active one (requested -> active):
  custom:framework-win-MediaFoundation: 216162199b28c13a410421893ffa2e32 -> 
  custom:video-decoder-ogg-theora: a1e56fd34408186e4bbccfd4996cb3dc -> 
  custom:container-muxer-webm: aa71ff27fc2769a1b78a27578f13a17b -> 
  custom:container-demuxer-webm: 4f35f7cbe854078d1ac9338744f61a02 -> 
  custom:container-demuxer-ogg: 62fdf1f143b41e24485cea50d1cbac27 -> 
  custom:video-encoder-webm-vp8: eb34c28f22e8b96e1ab97ce403110664 -> 
  custom:video-decoder-webm-vp8: 9c59270c3fd7afecdb556c50c9e8de78 -> 
  custom:audio-decoder-ogg-vorbis: bf7c407c2cedff20999df2af8eb42d56 -> 
  custom:audio-encoder-webm-vorbis: bf7c407c2cedff20999df2af8eb42d56 -> 
========================================================================
Received Import Request.
  path: Assets/CreativeCore_Shaders/ShaderGraphs/Shimmer.mat
  artifactKey: Guid(05d124e7f58847849bf41399778e420d) Importer(815301076,1909f56bfc062723c751e8b465ee728b)
Start importing Assets/CreativeCore_Shaders/ShaderGraphs/Shimmer.mat using Guid(05d124e7f58847849bf41399778e420d) Importer(815301076,1909f56bfc062723c751e8b465ee728b)  -> (artifact id: '0f996acf7b63e92e15d300454687eecb') in 0.546630 seconds 
  Import took 0.551667 seconds .

========================================================================
Received Import Request.
  Time since last request: 0.000185 seconds.
  path: Assets/CreativeCore_Shaders/Materials/AppleRed.mat
  artifactKey: Guid(dfdbbf9f1ad2ce847885e3477d503408) Importer(815301076,1909f56bfc062723c751e8b465ee728b)
Start importing Assets/CreativeCore_Shaders/Materials/AppleRed.mat using Guid(dfdbbf9f1ad2ce847885e3477d503408) Importer(815301076,1909f56bfc062723c751e8b465ee728b)  -> (artifact id: '23006c444ce2fd44beae07704abc9b2f') in 0.012035 seconds 
  Import took 0.016233 seconds .

========================================================================
Received Import Request.
  Time since last request: 0.000214 seconds.
  path: Packages/com.unity.searcher/Editor/Resources/FlatSkin/Font/Roboto-Thin.ttf
  artifactKey: Guid(19a9abb883540be48b75b951a927ae03) Importer(815301076,1909f56bfc062723c751e8b465ee728b)
Start importing Packages/com.unity.searcher/Editor/Resources/FlatSkin/Font/Roboto-Thin.ttf using Guid(19a9abb883540be48b75b951a927ae03) Importer(815301076,1909f56bfc062723c751e8b465ee728b)  -> (artifact id: 'e546ab6cdca899bff6c13129bceee71d') in 0.026525 seconds 
  Import took 0.030914 seconds .

========================================================================
Received Import Request.
  Time since last request: 0.000277 seconds.
  path: Assets/CreativeCore_Shaders/Materials/Characters/Ellen/Ellen_Hair.mat
  artifactKey: Guid(f4c868f611aae16448d369b0bf66a723) Importer(815301076,1909f56bfc062723c751e8b465ee728b)
Start importing Assets/CreativeCore_Shaders/Materials/Characters/Ellen/Ellen_Hair.mat using Guid(f4c868f611aae16448d369b0bf66a723) Importer(815301076,1909f56bfc062723c751e8b465ee728b)  -> (artifact id: '456a48fdbd19b1022e51bf4f67a63ba3') in 0.269301 seconds 
  Import took 0.274191 seconds .

========================================================================
Received Import Request.
  Time since last request: 0.000261 seconds.
  path: Assets/CreativeCore_Shaders/Materials/WoodStem.mat
  artifactKey: Guid(c5cdd23c0f5259c4f87e3ca09fc10e1b) Importer(815301076,1909f56bfc062723c751e8b465ee728b)
Start importing Assets/CreativeCore_Shaders/Materials/WoodStem.mat using Guid(c5cdd23c0f5259c4f87e3ca09fc10e1b) Importer(815301076,1909f56bfc062723c751e8b465ee728b)  -> (artifact id: 'c7f532046843620706faab3e73aedec0') in 0.008771 seconds 
  Import took 0.013622 seconds .

========================================================================
Received Import Request.
  Time since last request: 0.000254 seconds.
  path: Assets/CreativeCore_Shaders/Materials/RedSmooth.mat
  artifactKey: Guid(931621f81e17909459f65151523f3158) Importer(815301076,1909f56bfc062723c751e8b465ee728b)
Start importing Assets/CreativeCore_Shaders/Materials/RedSmooth.mat using Guid(931621f81e17909459f65151523f3158) Importer(815301076,1909f56bfc062723c751e8b465ee728b)  -> (artifact id: 'f4a444be22806bcf6b32b6b23a27190a') in 0.009124 seconds 
  Import took 0.014256 seconds .

========================================================================
Received Import Request.
  Time since last request: 0.000294 seconds.
  path: Assets/CreativeCore_Shaders/Materials/Completed Materials/LineUps/Specular 5.mat
  artifactKey: Guid(d034da5ae6383dd43a64ab94dc47c0a5) Importer(815301076,1909f56bfc062723c751e8b465ee728b)
Start importing Assets/CreativeCore_Shaders/Materials/Completed Materials/LineUps/Specular 5.mat using Guid(d034da5ae6383dd43a64ab94dc47c0a5) Importer(815301076,1909f56bfc062723c751e8b465ee728b)  -> (artifact id: '4378aa443371349d55d97282047c4d93') in 0.180471 seconds 
  Import took 0.184911 seconds .

========================================================================
Received Import Request.
  Time since last request: 0.000194 seconds.
  path: Assets/CreativeCore_Shaders/Materials/Completed Materials/LineUps/Metallic 3.mat
  artifactKey: Guid(53159a1b1c52d304cbf0e95ba867aa72) Importer(815301076,1909f56bfc062723c751e8b465ee728b)
Start importing Assets/CreativeCore_Shaders/Materials/Completed Materials/LineUps/Metallic 3.mat using Guid(53159a1b1c52d304cbf0e95ba867aa72) Importer(815301076,1909f56bfc062723c751e8b465ee728b)  -> (artifact id: '6f8a5d1606d52d0f4ec147e6f3cb067f') in 0.008233 seconds 
  Import took 0.012655 seconds .

========================================================================
Received Import Request.
  Time since last request: 0.000273 seconds.
  path: Packages/com.unity.searcher/Editor/Resources/FlatSkin/Font/Roboto-MediumItalic.ttf
  artifactKey: Guid(d93c1bc57fdf1ac4dad1bf04fac05464) Importer(815301076,1909f56bfc062723c751e8b465ee728b)
Start importing Packages/com.unity.searcher/Editor/Resources/FlatSkin/Font/Roboto-MediumItalic.ttf using Guid(d93c1bc57fdf1ac4dad1bf04fac05464) Importer(815301076,1909f56bfc062723c751e8b465ee728b)  -> (artifact id: '81cbb825cdfdd89519f6c082eb60c451') in 0.011635 seconds 
  Import took 0.016427 seconds .

========================================================================
Received Import Request.
  Time since last request: 0.000245 seconds.
  path: Assets/CreativeCore_Shaders/Materials/Standard/Lemon.mat
  artifactKey: Guid(385b693634c3ed44494900a084afb3d7) Importer(815301076,1909f56bfc062723c751e8b465ee728b)
Start importing Assets/CreativeCore_Shaders/Materials/Standard/Lemon.mat using Guid(385b693634c3ed44494900a084afb3d7) Importer(815301076,1909f56bfc062723c751e8b465ee728b)  -> (artifact id: 'd6fc451f89791e96137bb802f5705415') in 0.008803 seconds 
  Import took 0.013688 seconds .

========================================================================
Received Import Request.
  Time since last request: 0.000230 seconds.
  path: Assets/CreativeCore_Shaders/Materials/PlainWhite.mat
  artifactKey: Guid(c68e7d187af4cd7489ee63e69ae21740) Importer(815301076,1909f56bfc062723c751e8b465ee728b)
Start importing Assets/CreativeCore_Shaders/Materials/PlainWhite.mat using Guid(c68e7d187af4cd7489ee63e69ae21740) Importer(815301076,1909f56bfc062723c751e8b465ee728b)  -> (artifact id: '3595c95b387189d67c928bde9f3db3cf') in 0.008138 seconds 
  Import took 0.013298 seconds .

========================================================================
Received Import Request.
  Time since last request: 0.000229 seconds.
  path: Packages/com.unity.render-pipelines.universal/Runtime/Materials/TerrainLit.mat
  artifactKey: Guid(594ea882c5a793440b60ff72d896021e) Importer(815301076,1909f56bfc062723c751e8b465ee728b)
Start importing Packages/com.unity.render-pipelines.universal/Runtime/Materials/TerrainLit.mat using Guid(594ea882c5a793440b60ff72d896021e) Importer(815301076,1909f56bfc062723c751e8b465ee728b)  -> (artifact id: 'db9aec0391899b041fa150a21f0d5646') in 0.275759 seconds 
  Import took 0.280578 seconds .

========================================================================
Received Import Request.
  Time since last request: 0.000203 seconds.
  path: Assets/CreativeCore_Shaders/Materials/Black.mat
  artifactKey: Guid(1feb6d77695b9d347b4bfc7e23ad420c) Importer(815301076,1909f56bfc062723c751e8b465ee728b)
Start importing Assets/CreativeCore_Shaders/Materials/Black.mat using Guid(1feb6d77695b9d347b4bfc7e23ad420c) Importer(815301076,1909f56bfc062723c751e8b465ee728b)  -> (artifact id: 'dd0cd2f79e9ac06e08ba2bb76774d87f') in 0.008375 seconds 
  Import took 0.012711 seconds .

========================================================================
Received Import Request.
  Time since last request: 0.000256 seconds.
  path: Packages/com.unity.render-pipelines.universal/Runtime/Materials/Sprite-Unlit-Default.mat
  artifactKey: Guid(9dfc825aed78fcd4ba02077103263b40) Importer(815301076,1909f56bfc062723c751e8b465ee728b)
Start importing Packages/com.unity.render-pipelines.universal/Runtime/Materials/Sprite-Unlit-Default.mat using Guid(9dfc825aed78fcd4ba02077103263b40) Importer(815301076,1909f56bfc062723c751e8b465ee728b)  -> (artifact id: '3dc837b22dad5c9afcddefa703e0bc63') in 0.030190 seconds 
  Import took 0.034846 seconds .

========================================================================
Received Import Request.
  Time since last request: 0.000266 seconds.
  path: Packages/com.unity.render-pipelines.universal/Runtime/Materials/SimpleLit.mat
  artifactKey: Guid(6a1143ee683302f4aa628c052723efc1) Importer(815301076,1909f56bfc062723c751e8b465ee728b)
Start importing Packages/com.unity.render-pipelines.universal/Runtime/Materials/SimpleLit.mat using Guid(6a1143ee683302f4aa628c052723efc1) Importer(815301076,1909f56bfc062723c751e8b465ee728b)  -> (artifact id: '4193ea014fb52272aa79e827f0b902d4') in 0.251574 seconds 
  Import took 0.255870 seconds .

========================================================================
Received Import Request.
  Time since last request: 0.000185 seconds.
  path: Assets/CreativeCore_Shaders/Materials/Completed Materials/LineUps/Specular 1.mat
  artifactKey: Guid(24c12b8c47eaea34593efe14d8c7647b) Importer(815301076,1909f56bfc062723c751e8b465ee728b)
Start importing Assets/CreativeCore_Shaders/Materials/Completed Materials/LineUps/Specular 1.mat using Guid(24c12b8c47eaea34593efe14d8c7647b) Importer(815301076,1909f56bfc062723c751e8b465ee728b)  -> (artifact id: '9bbf508e1e994c9b72b67fab506b46f2') in 0.008676 seconds 
  Import took 0.012925 seconds .

========================================================================
Received Import Request.
  Time since last request: 0.000199 seconds.
  path: Packages/com.unity.searcher/Editor/Resources/FlatSkin/Font/Roboto-Black.ttf
  artifactKey: Guid(1062c701058745940ae5dca6219c64c8) Importer(815301076,1909f56bfc062723c751e8b465ee728b)
Start importing Packages/com.unity.searcher/Editor/Resources/FlatSkin/Font/Roboto-Black.ttf using Guid(1062c701058745940ae5dca6219c64c8) Importer(815301076,1909f56bfc062723c751e8b465ee728b)  -> (artifact id: 'da8cbc8e98e1722ba83daca9abce99c1') in 0.009901 seconds 
  Import took 0.014156 seconds .

========================================================================
Received Import Request.
  Time since last request: 0.000224 seconds.
  path: Assets/CreativeCore_Shaders/Materials/BlueSmooth.mat
  artifactKey: Guid(98872e32b691a434592c4edd96a0d5a4) Importer(815301076,1909f56bfc062723c751e8b465ee728b)
Start importing Assets/CreativeCore_Shaders/Materials/BlueSmooth.mat using Guid(98872e32b691a434592c4edd96a0d5a4) Importer(815301076,1909f56bfc062723c751e8b465ee728b)  -> (artifact id: '93af877f0ee686aca8c2fe200127219a') in 0.008710 seconds 
  Import took 0.013514 seconds .

========================================================================
Received Import Request.
  Time since last request: 0.000240 seconds.
  path: Assets/CreativeCore_Shaders/Materials/Standard/Orange-ish.mat
  artifactKey: Guid(81f96576aa28a414ab11054176576e2c) Importer(815301076,1909f56bfc062723c751e8b465ee728b)
Start importing Assets/CreativeCore_Shaders/Materials/Standard/Orange-ish.mat using Guid(81f96576aa28a414ab11054176576e2c) Importer(815301076,1909f56bfc062723c751e8b465ee728b)  -> (artifact id: 'de84bd2caf0c85353a6c3b3bcfad83b7') in 0.008583 seconds 
  Import took 0.013520 seconds .

========================================================================
Received Import Request.
  Time since last request: 0.000237 seconds.
  path: Assets/CreativeCore_Shaders/Materials/Characters/Ellen Display Materials/Quad_Normal.mat
  artifactKey: Guid(86534822163b22f4ab16bb083a8b67be) Importer(815301076,1909f56bfc062723c751e8b465ee728b)
Start importing Assets/CreativeCore_Shaders/Materials/Characters/Ellen Display Materials/Quad_Normal.mat using Guid(86534822163b22f4ab16bb083a8b67be) Importer(815301076,1909f56bfc062723c751e8b465ee728b)  -> (artifact id: '23a25bef4f1fd7d5b245107bae9176fe') in 0.151084 seconds 
  Import took 0.155711 seconds .

========================================================================
Received Import Request.
  Time since last request: 0.000182 seconds.
  path: Assets/CreativeCore_Shaders/Materials/Characters/Ellen/Ellen_Eyelash.mat
  artifactKey: Guid(85fa26bd9b929a9498a495462f3b4c8a) Importer(815301076,1909f56bfc062723c751e8b465ee728b)
Start importing Assets/CreativeCore_Shaders/Materials/Characters/Ellen/Ellen_Eyelash.mat using Guid(85fa26bd9b929a9498a495462f3b4c8a) Importer(815301076,1909f56bfc062723c751e8b465ee728b)  -> (artifact id: 'e0ad33d64caee7f9625d19f77ab4347c') in 0.008179 seconds 
  Import took 0.012490 seconds .

========================================================================
Received Import Request.
  Time since last request: 0.000218 seconds.
  path: Packages/com.unity.searcher/Editor/Resources/FlatSkin/Font/Roboto-Regular.ttf
  artifactKey: Guid(30dc370b164eefc43b95744fc796dad0) Importer(815301076,1909f56bfc062723c751e8b465ee728b)
Start importing Packages/com.unity.searcher/Editor/Resources/FlatSkin/Font/Roboto-Regular.ttf using Guid(30dc370b164eefc43b95744fc796dad0) Importer(815301076,1909f56bfc062723c751e8b465ee728b)  -> (artifact id: 'fe80f27e5dc98c3ff6d76c9297f0650c') in 0.010401 seconds 
  Import took 0.014899 seconds .

========================================================================
Received Import Request.
  Time since last request: 0.000210 seconds.
  path: Assets/CreativeCore_Shaders/Materials/Characters/Ellen/Ellen_Head.mat
  artifactKey: Guid(9ccf8b1016d42a84b953222267c693d9) Importer(815301076,1909f56bfc062723c751e8b465ee728b)
Start importing Assets/CreativeCore_Shaders/Materials/Characters/Ellen/Ellen_Head.mat using Guid(9ccf8b1016d42a84b953222267c693d9) Importer(815301076,1909f56bfc062723c751e8b465ee728b)  -> (artifact id: '03bdb2d1bf270b267498e68b6b13c437') in 0.281802 seconds 
  Import took 0.286780 seconds .

========================================================================
Received Import Request.
  Time since last request: 0.000200 seconds.
  path: Assets/CreativeCore_Shaders/Materials/Completed Materials/LineUps/Metallic 5.mat
  artifactKey: Guid(90bd851e4922dd049bb3acbc6db84733) Importer(815301076,1909f56bfc062723c751e8b465ee728b)
Start importing Assets/CreativeCore_Shaders/Materials/Completed Materials/LineUps/Metallic 5.mat using Guid(90bd851e4922dd049bb3acbc6db84733) Importer(815301076,1909f56bfc062723c751e8b465ee728b)  -> (artifact id: '86fb683e04ddda1c65f7fda77e5ed7cc') in 0.010737 seconds 
  Import took 0.015019 seconds .

========================================================================
Received Import Request.
  Time since last request: 0.000214 seconds.
  path: Assets/CreativeCore_Shaders/ShaderGraphs/Dissolve.mat
  artifactKey: Guid(d83e4c2b350bdbc478c0753f1f944c31) Importer(815301076,1909f56bfc062723c751e8b465ee728b)
Start importing Assets/CreativeCore_Shaders/ShaderGraphs/Dissolve.mat using Guid(d83e4c2b350bdbc478c0753f1f944c31) Importer(815301076,1909f56bfc062723c751e8b465ee728b)  -> (artifact id: '4fc149edb63d948e61e77f8b7f432d90') in 0.008410 seconds 
  Import took 0.012949 seconds .

========================================================================
Received Import Request.
  Time since last request: 0.000236 seconds.
  path: Assets/CreativeCore_Shaders/Materials/Completed Materials/LineUps/Smoothness 4.mat
  artifactKey: Guid(a2c171646b4de4e49913f25ff53acf6f) Importer(815301076,1909f56bfc062723c751e8b465ee728b)
Start importing Assets/CreativeCore_Shaders/Materials/Completed Materials/LineUps/Smoothness 4.mat using Guid(a2c171646b4de4e49913f25ff53acf6f) Importer(815301076,1909f56bfc062723c751e8b465ee728b)  -> (artifact id: '62b8c2a9ec7ca2d9832dadb7fb0fe4e3') in 0.008768 seconds 
  Import took 0.013232 seconds .

========================================================================
Received Import Request.
  Time since last request: 0.000202 seconds.
  path: Assets/CreativeCore_Shaders/Materials/LimeGreen.mat
  artifactKey: Guid(16c7708d3afe83f41811d35592d81b25) Importer(815301076,1909f56bfc062723c751e8b465ee728b)
Start importing Assets/CreativeCore_Shaders/Materials/LimeGreen.mat using Guid(16c7708d3afe83f41811d35592d81b25) Importer(815301076,1909f56bfc062723c751e8b465ee728b)  -> (artifact id: 'dfbbbed2f43c519e237d7bdd3cd2002d') in 0.008820 seconds 
  Import took 0.013692 seconds .

========================================================================
Received Import Request.
  Time since last request: 0.000266 seconds.
  path: Assets/CreativeCore_Shaders/Materials/Standard/Green Solid.mat
  artifactKey: Guid(c90bf8c37a1bac1408e51ce82f4c7a7e) Importer(815301076,1909f56bfc062723c751e8b465ee728b)
Start importing Assets/CreativeCore_Shaders/Materials/Standard/Green Solid.mat using Guid(c90bf8c37a1bac1408e51ce82f4c7a7e) Importer(815301076,1909f56bfc062723c751e8b465ee728b)  -> (artifact id: 'f64f9c0bcece6f31a49b5929341f16de') in 0.008690 seconds 
  Import took 0.013536 seconds .

========================================================================
Received Import Request.
  Time since last request: 0.000242 seconds.
  path: Packages/com.unity.render-pipelines.universal/Runtime/Materials/Sprite-Lit-Default.mat
  artifactKey: Guid(a97c105638bdf8b4a8650670310a4cd3) Importer(815301076,1909f56bfc062723c751e8b465ee728b)
Start importing Packages/com.unity.render-pipelines.universal/Runtime/Materials/Sprite-Lit-Default.mat using Guid(a97c105638bdf8b4a8650670310a4cd3) Importer(815301076,1909f56bfc062723c751e8b465ee728b)  -> (artifact id: 'cbf71d48645b4137c3fdde14caf1f63f') in 0.009613 seconds 
  Import took 0.014161 seconds .

========================================================================
Received Import Request.
  Time since last request: 0.000206 seconds.
  path: Packages/com.unity.render-pipelines.universal/Runtime/Materials/Lit.mat
  artifactKey: Guid(31321ba15b8f8eb4c954353edc038b1d) Importer(815301076,1909f56bfc062723c751e8b465ee728b)
Start importing Packages/com.unity.render-pipelines.universal/Runtime/Materials/Lit.mat using Guid(31321ba15b8f8eb4c954353edc038b1d) Importer(815301076,1909f56bfc062723c751e8b465ee728b)  -> (artifact id: '97a46e45ab72210011683b98bb693f19') in 0.009174 seconds 
  Import took 0.013819 seconds .

========================================================================
Received Import Request.
  Time since last request: 0.000250 seconds.
  path: Assets/CreativeCore_Shaders/Materials/Completed Materials/Material 2.mat
  artifactKey: Guid(37382fb37cad01d42a0aaae7c47036bc) Importer(815301076,1909f56bfc062723c751e8b465ee728b)
Start importing Assets/CreativeCore_Shaders/Materials/Completed Materials/Material 2.mat using Guid(37382fb37cad01d42a0aaae7c47036bc) Importer(815301076,1909f56bfc062723c751e8b465ee728b)  -> (artifact id: 'e0bc6e471347934ad27b24de5c5b0cee') in 0.008370 seconds 
  Import took 0.013217 seconds .

========================================================================
Received Import Request.
  Time since last request: 0.000197 seconds.
  path: Assets/CreativeCore_Shaders/Materials/ChainFence.mat
  artifactKey: Guid(5c015380d416cf9468cb6be2b1975d93) Importer(815301076,1909f56bfc062723c751e8b465ee728b)
Start importing Assets/CreativeCore_Shaders/Materials/ChainFence.mat using Guid(5c015380d416cf9468cb6be2b1975d93) Importer(815301076,1909f56bfc062723c751e8b465ee728b)  -> (artifact id: '189a3cb92386a4ede6fb2f7e172c9fc9') in 0.010405 seconds 
  Import took 0.014811 seconds .

========================================================================
Received Import Request.
  Time since last request: 0.000227 seconds.
  path: Packages/com.unity.render-pipelines.core/Runtime/Debugging/Prefabs/Fonts/Perfect DOS VGA 437.ttf
  artifactKey: Guid(74a5091d8707f334b9a5c31ef71a64ba) Importer(815301076,1909f56bfc062723c751e8b465ee728b)
Start importing Packages/com.unity.render-pipelines.core/Runtime/Debugging/Prefabs/Fonts/Perfect DOS VGA 437.ttf using Guid(74a5091d8707f334b9a5c31ef71a64ba) Importer(815301076,1909f56bfc062723c751e8b465ee728b)  -> (artifact id: 'ca91db08ed2b2ee29570b7404c3ed2ba') in 0.009582 seconds 
  Import took 0.014235 seconds .

========================================================================
Received Import Request.
  Time since last request: 0.000222 seconds.
  path: Assets/CreativeCore_Shaders/Materials/Completed Materials/LineUps/Metallic 1.mat
  artifactKey: Guid(4a97f85f576b4a44bb5bc61f363b1040) Importer(815301076,1909f56bfc062723c751e8b465ee728b)
Start importing Assets/CreativeCore_Shaders/Materials/Completed Materials/LineUps/Metallic 1.mat using Guid(4a97f85f576b4a44bb5bc61f363b1040) Importer(815301076,1909f56bfc062723c751e8b465ee728b)  -> (artifact id: 'f7ea4ebfa34fe7b69e3a2d564a90604a') in 0.008303 seconds 
  Import took 0.012825 seconds .

========================================================================
Received Import Request.
  Time since last request: 0.000186 seconds.
  path: Assets/CreativeCore_Shaders/Materials/BlueMug.mat
  artifactKey: Guid(cc411d5554c088840a2e8eef029755f8) Importer(815301076,1909f56bfc062723c751e8b465ee728b)
Start importing Assets/CreativeCore_Shaders/Materials/BlueMug.mat using Guid(cc411d5554c088840a2e8eef029755f8) Importer(815301076,1909f56bfc062723c751e8b465ee728b)  -> (artifact id: 'd7bb5c4d6f89c0746deb88b7081f18e8') in 0.008802 seconds 
  Import took 0.013367 seconds .

========================================================================
Received Import Request.
  Time since last request: 0.000246 seconds.
  path: Assets/CreativeCore_Shaders/Materials/Characters/Ellen Display Materials/Quad_MetallicSmooth.mat
  artifactKey: Guid(5f74873e509d9714da7c6a41ab6370c5) Importer(815301076,1909f56bfc062723c751e8b465ee728b)
Start importing Assets/CreativeCore_Shaders/Materials/Characters/Ellen Display Materials/Quad_MetallicSmooth.mat using Guid(5f74873e509d9714da7c6a41ab6370c5) Importer(815301076,1909f56bfc062723c751e8b465ee728b)  -> (artifact id: '655c34faba80dd0bc6b524d3934075e0') in 0.009955 seconds 
  Import took 0.014665 seconds .

========================================================================
Received Import Request.
  Time since last request: 0.000232 seconds.
  path: Assets/CreativeCore_Shaders/Materials/Characters/Ellen/Ellen_Eyes.mat
  artifactKey: Guid(fc14fcaf3cd73e641b94b89c70ce5f11) Importer(815301076,1909f56bfc062723c751e8b465ee728b)
Start importing Assets/CreativeCore_Shaders/Materials/Characters/Ellen/Ellen_Eyes.mat using Guid(fc14fcaf3cd73e641b94b89c70ce5f11) Importer(815301076,1909f56bfc062723c751e8b465ee728b)  -> (artifact id: '53ed50d14c8509b6c4240477a3ac7c85') in 0.193468 seconds 
  Import took 0.197748 seconds .

========================================================================
Received Import Request.
  Time since last request: 0.000192 seconds.
  path: Assets/CreativeCore_Shaders/Materials/Completed Materials/LineUps/Smoothness 3.mat
  artifactKey: Guid(ab25153b875b0f342b5b48e28a0aadc4) Importer(815301076,1909f56bfc062723c751e8b465ee728b)
Start importing Assets/CreativeCore_Shaders/Materials/Completed Materials/LineUps/Smoothness 3.mat using Guid(ab25153b875b0f342b5b48e28a0aadc4) Importer(815301076,1909f56bfc062723c751e8b465ee728b)  -> (artifact id: 'a52aa905aa845f163dce131e67c51ee6') in 0.008439 seconds 
  Import took 0.012693 seconds .

========================================================================
Received Import Request.
  Time since last request: 0.000188 seconds.
  path: Packages/com.unity.searcher/Editor/Resources/FlatSkin/Font/Roboto-BlackItalic.ttf
  artifactKey: Guid(f95147a9bab9fe649b8070170fa7ebd2) Importer(815301076,1909f56bfc062723c751e8b465ee728b)
Start importing Packages/com.unity.searcher/Editor/Resources/FlatSkin/Font/Roboto-BlackItalic.ttf using Guid(f95147a9bab9fe649b8070170fa7ebd2) Importer(815301076,1909f56bfc062723c751e8b465ee728b)  -> (artifact id: 'ddc7a1065dfd918bae9c7058949d93c1') in 0.009939 seconds 
  Import took 0.014478 seconds .

========================================================================
Received Import Request.
  Time since last request: 0.000258 seconds.
  path: Assets/CreativeCore_Shaders/Materials/GrayDoublesided.mat
  artifactKey: Guid(cf39a6fe1f036e44e84642dfc79c978e) Importer(815301076,1909f56bfc062723c751e8b465ee728b)
Start importing Assets/CreativeCore_Shaders/Materials/GrayDoublesided.mat using Guid(cf39a6fe1f036e44e84642dfc79c978e) Importer(815301076,1909f56bfc062723c751e8b465ee728b)  -> (artifact id: 'fae8b86b53efd42e018c1c1bb0a5ede1') in 0.009973 seconds 
  Import took 0.014612 seconds .

========================================================================
Received Import Request.
  Time since last request: 0.000198 seconds.
  path: Assets/CreativeCore_Shaders/Materials/Completed Materials/LineUps/Specular 2.mat
  artifactKey: Guid(009aaefac0be195458ed5c8f3dfe2ac5) Importer(815301076,1909f56bfc062723c751e8b465ee728b)
Start importing Assets/CreativeCore_Shaders/Materials/Completed Materials/LineUps/Specular 2.mat using Guid(009aaefac0be195458ed5c8f3dfe2ac5) Importer(815301076,1909f56bfc062723c751e8b465ee728b)  -> (artifact id: 'df4d60b2ab4d313ddea99dff24683eaa') in 0.008758 seconds 
  Import took 0.013449 seconds .

========================================================================
Received Import Request.
  Time since last request: 0.000260 seconds.
  path: Assets/CreativeCore_Shaders/Materials/Characters/Ellen/Ellen_Body.mat
  artifactKey: Guid(46ba9be6c4545f148aeea969a1f0bc1b) Importer(815301076,1909f56bfc062723c751e8b465ee728b)
Start importing Assets/CreativeCore_Shaders/Materials/Characters/Ellen/Ellen_Body.mat using Guid(46ba9be6c4545f148aeea969a1f0bc1b) Importer(815301076,1909f56bfc062723c751e8b465ee728b)  -> (artifact id: 'e5d263154993f3817e9bccc951e39ef9') in 0.207027 seconds 
  Import took 0.212081 seconds .

========================================================================
Received Import Request.
  Time since last request: 0.000262 seconds.
  path: Packages/com.unity.render-pipelines.universal/Runtime/Materials/ParticlesUnlit.mat
  artifactKey: Guid(e823cd5b5d27c0f4b8256e7c12ee3e6d) Importer(815301076,1909f56bfc062723c751e8b465ee728b)
Start importing Packages/com.unity.render-pipelines.universal/Runtime/Materials/ParticlesUnlit.mat using Guid(e823cd5b5d27c0f4b8256e7c12ee3e6d) Importer(815301076,1909f56bfc062723c751e8b465ee728b)  -> (artifact id: 'a6d3bac30e0c3da08768836858914317') in 0.010757 seconds 
  Import took 0.014902 seconds .

========================================================================
Received Import Request.
  Time since last request: 0.000237 seconds.
  path: Assets/CreativeCore_Shaders/Materials/Green.mat
  artifactKey: Guid(0a5d25fdb7fcc30448603b8cac251708) Importer(815301076,1909f56bfc062723c751e8b465ee728b)
Start importing Assets/CreativeCore_Shaders/Materials/Green.mat using Guid(0a5d25fdb7fcc30448603b8cac251708) Importer(815301076,1909f56bfc062723c751e8b465ee728b)  -> (artifact id: '20b0783844933294ce9c242496cc253a') in 0.007841 seconds 
  Import took 0.012960 seconds .

========================================================================
Received Import Request.
  Time since last request: 0.000220 seconds.
  path: Assets/CreativeCore_Shaders/Materials/Completed Materials/Material 1.mat
  artifactKey: Guid(e393265ee823ae946b36b57845ab34db) Importer(815301076,1909f56bfc062723c751e8b465ee728b)
Start importing Assets/CreativeCore_Shaders/Materials/Completed Materials/Material 1.mat using Guid(e393265ee823ae946b36b57845ab34db) Importer(815301076,1909f56bfc062723c751e8b465ee728b)  -> (artifact id: '9c81cabb420296f0eb9ef6109f65957f') in 0.198240 seconds 
  Import took 0.202890 seconds .

========================================================================
Received Import Request.
  Time since last request: 0.000191 seconds.
  path: Assets/CreativeCore_Shaders/Materials/Blue.mat
  artifactKey: Guid(b40f8cf70e322a24f847311c87d496c5) Importer(815301076,1909f56bfc062723c751e8b465ee728b)
Start importing Assets/CreativeCore_Shaders/Materials/Blue.mat using Guid(b40f8cf70e322a24f847311c87d496c5) Importer(815301076,1909f56bfc062723c751e8b465ee728b)  -> (artifact id: '09f12ed31a2c121bc4ff72468f32e7a2') in 0.008340 seconds 
  Import took 0.012403 seconds .

========================================================================
Received Import Request.
  Time since last request: 0.000342 seconds.
  path: Assets/CreativeCore_Shaders/Materials/Completed Materials/Material 3.mat
  artifactKey: Guid(96245fdaf30d52c4085e236c3428cbdd) Importer(815301076,1909f56bfc062723c751e8b465ee728b)
Start importing Assets/CreativeCore_Shaders/Materials/Completed Materials/Material 3.mat using Guid(96245fdaf30d52c4085e236c3428cbdd) Importer(815301076,1909f56bfc062723c751e8b465ee728b)  -> (artifact id: 'a2a819b697b176b144a147993d88b068') in 0.235404 seconds 
  Import took 0.240314 seconds .

========================================================================
Received Import Request.
  Time since last request: 0.000199 seconds.
  path: Assets/CreativeCore_Shaders/Materials/Characters/Ellen Display Materials/Quad_Occlusion.mat
  artifactKey: Guid(4b793c247c699b745801e0a6a70e87cf) Importer(815301076,1909f56bfc062723c751e8b465ee728b)
Start importing Assets/CreativeCore_Shaders/Materials/Characters/Ellen Display Materials/Quad_Occlusion.mat using Guid(4b793c247c699b745801e0a6a70e87cf) Importer(815301076,1909f56bfc062723c751e8b465ee728b)  -> (artifact id: '77075fa1322e49f2768822c884ba518f') in 0.009980 seconds 
  Import took 0.014066 seconds .

========================================================================
Received Import Request.
  Time since last request: 0.000228 seconds.
  path: Packages/com.unity.searcher/Editor/Resources/FlatSkin/Font/Roboto-Bold.ttf
  artifactKey: Guid(3750c318f40cab44a97d3a81beaefeb3) Importer(815301076,1909f56bfc062723c751e8b465ee728b)
Start importing Packages/com.unity.searcher/Editor/Resources/FlatSkin/Font/Roboto-Bold.ttf using Guid(3750c318f40cab44a97d3a81beaefeb3) Importer(815301076,1909f56bfc062723c751e8b465ee728b)  -> (artifact id: '0555eee1a6dae1664330da9e68c50651') in 0.010268 seconds 
  Import took 0.014916 seconds .

========================================================================
Received Import Request.
  Time since last request: 0.000257 seconds.
  path: Assets/CreativeCore_Shaders/Materials/OrangeMug.mat
  artifactKey: Guid(56c602ef423139e4a974fdaec2a4eafa) Importer(815301076,1909f56bfc062723c751e8b465ee728b)
Start importing Assets/CreativeCore_Shaders/Materials/OrangeMug.mat using Guid(56c602ef423139e4a974fdaec2a4eafa) Importer(815301076,1909f56bfc062723c751e8b465ee728b)  -> (artifact id: '4e91bcdcf2c04d5514d3dcbebebe45a5') in 0.009905 seconds 
  Import took 0.014569 seconds .

========================================================================
Received Import Request.
  Time since last request: 0.000252 seconds.
  path: Assets/CreativeCore_Shaders/Materials/Completed Materials/LineUps/Metallic 4.mat
  artifactKey: Guid(176a7f94bb4c41b41961a0c0f2fe419a) Importer(815301076,1909f56bfc062723c751e8b465ee728b)
Start importing Assets/CreativeCore_Shaders/Materials/Completed Materials/LineUps/Metallic 4.mat using Guid(176a7f94bb4c41b41961a0c0f2fe419a) Importer(815301076,1909f56bfc062723c751e8b465ee728b)  -> (artifact id: '0746ab7427a4e382293ca3b97d3c1b67') in 0.008594 seconds 
  Import took 0.013419 seconds .

========================================================================
Received Import Request.
  Time since last request: 0.000265 seconds.
  path: Assets/CreativeCore_Shaders/Materials/Pear.mat
  artifactKey: Guid(e5355ae11876af64891328000f84f5f1) Importer(815301076,1909f56bfc062723c751e8b465ee728b)
Start importing Assets/CreativeCore_Shaders/Materials/Pear.mat using Guid(e5355ae11876af64891328000f84f5f1) Importer(815301076,1909f56bfc062723c751e8b465ee728b)  -> (artifact id: 'ac94f00e9067806c9412ca6afec96251') in 0.008955 seconds 
  Import took 0.013416 seconds .

========================================================================
Received Import Request.
  Time since last request: 0.000239 seconds.
  path: Packages/com.unity.searcher/Editor/Resources/FlatSkin/Font/Roboto-Italic.ttf
  artifactKey: Guid(c839255fc8f6b4b4d90bf8c1af9f9bd1) Importer(815301076,1909f56bfc062723c751e8b465ee728b)
Start importing Packages/com.unity.searcher/Editor/Resources/FlatSkin/Font/Roboto-Italic.ttf using Guid(c839255fc8f6b4b4d90bf8c1af9f9bd1) Importer(815301076,1909f56bfc062723c751e8b465ee728b)  -> (artifact id: '714915796405489b4b46d719b882b77d') in 0.010045 seconds 
  Import took 0.014447 seconds .

========================================================================
Received Import Request.
  Time since last request: 0.000242 seconds.
  path: Assets/CreativeCore_Shaders/Materials/Completed Materials/LineUps/Specular 4.mat
  artifactKey: Guid(ed2472d1aa366cd459582d5bfd5931e5) Importer(815301076,1909f56bfc062723c751e8b465ee728b)
Start importing Assets/CreativeCore_Shaders/Materials/Completed Materials/LineUps/Specular 4.mat using Guid(ed2472d1aa366cd459582d5bfd5931e5) Importer(815301076,1909f56bfc062723c751e8b465ee728b)  -> (artifact id: 'b0157e7aa9151217d97fafc792c32fee') in 0.009268 seconds 
  Import took 0.014006 seconds .

========================================================================
Received Import Request.
  Time since last request: 0.000231 seconds.
  path: Packages/com.unity.searcher/Editor/Resources/FlatSkin/Font/Roboto-ThinItalic.ttf
  artifactKey: Guid(b2ea3b3f1765e544b9eb5bd1a93a91ce) Importer(815301076,1909f56bfc062723c751e8b465ee728b)
Start importing Packages/com.unity.searcher/Editor/Resources/FlatSkin/Font/Roboto-ThinItalic.ttf using Guid(b2ea3b3f1765e544b9eb5bd1a93a91ce) Importer(815301076,1909f56bfc062723c751e8b465ee728b)  -> (artifact id: 'ef2dad4445f4d663feb289b2508c93eb') in 0.009792 seconds 
  Import took 0.013940 seconds .

========================================================================
Received Import Request.
  Time since last request: 0.000271 seconds.
  path: Assets/CreativeCore_Shaders/Materials/Yellow.mat
  artifactKey: Guid(d7540ea2c7bee1640b912cfa359fe520) Importer(815301076,1909f56bfc062723c751e8b465ee728b)
Start importing Assets/CreativeCore_Shaders/Materials/Yellow.mat using Guid(d7540ea2c7bee1640b912cfa359fe520) Importer(815301076,1909f56bfc062723c751e8b465ee728b)  -> (artifact id: '85173e9c91ecf20159b8c3610d9c85ee') in 0.008480 seconds 
  Import took 0.013125 seconds .

========================================================================
Received Import Request.
  Time since last request: 0.000194 seconds.
  path: Assets/CreativeCore_Shaders/Materials/Characters/Ellen Display Materials/Quad_Emission.mat
  artifactKey: Guid(59355bf2d9290f54d8f54723921f9a58) Importer(815301076,1909f56bfc062723c751e8b465ee728b)
Start importing Assets/CreativeCore_Shaders/Materials/Characters/Ellen Display Materials/Quad_Emission.mat using Guid(59355bf2d9290f54d8f54723921f9a58) Importer(815301076,1909f56bfc062723c751e8b465ee728b)  -> (artifact id: 'c9d06d0b6fd37f6c199bf14697c3400b') in 0.009025 seconds 
  Import took 0.013390 seconds .

========================================================================
Received Import Request.
  Time since last request: 0.000268 seconds.
  path: Assets/CreativeCore_Shaders/Materials/Characters/Ellen Display Materials/Quad_MetallicSmooth_Alpha.mat
  artifactKey: Guid(c1396ac3e502b4850b2c8393c742501d) Importer(815301076,1909f56bfc062723c751e8b465ee728b)
Start importing Assets/CreativeCore_Shaders/Materials/Characters/Ellen Display Materials/Quad_MetallicSmooth_Alpha.mat using Guid(c1396ac3e502b4850b2c8393c742501d) Importer(815301076,1909f56bfc062723c751e8b465ee728b)  -> (artifact id: 'd209897a7fa213c5faed534b82883700') in 0.012594 seconds 
  Import took 0.017371 seconds .

========================================================================
Received Import Request.
  Time since last request: 0.000227 seconds.
  path: Assets/CreativeCore_Shaders/Materials/PlainGray.mat
  artifactKey: Guid(af4abdd498f16a54db4b3804b49246df) Importer(815301076,1909f56bfc062723c751e8b465ee728b)
Start importing Assets/CreativeCore_Shaders/Materials/PlainGray.mat using Guid(af4abdd498f16a54db4b3804b49246df) Importer(815301076,1909f56bfc062723c751e8b465ee728b)  -> (artifact id: 'ad36156229d445e18dff6f618b1ee4f5') in 0.008006 seconds 
  Import took 0.012545 seconds .

========================================================================
Received Import Request.
  Time since last request: 0.000238 seconds.
  path: Assets/CreativeCore_Shaders/Materials/Completed Materials/LineUps/Smoothness 2.mat
  artifactKey: Guid(f308c22581a21d74ebe7c88a14818d9d) Importer(815301076,1909f56bfc062723c751e8b465ee728b)
Start importing Assets/CreativeCore_Shaders/Materials/Completed Materials/LineUps/Smoothness 2.mat using Guid(f308c22581a21d74ebe7c88a14818d9d) Importer(815301076,1909f56bfc062723c751e8b465ee728b)  -> (artifact id: 'b649ecd5630bd990b1b21ce3ed3f1665') in 0.009277 seconds 
  Import took 0.014089 seconds .

========================================================================
Received Import Request.
  Time since last request: 0.000225 seconds.
  path: Assets/CreativeCore_Shaders/Materials/Characters/Ellen Display Materials/Quad_Albedo.mat
  artifactKey: Guid(38602808b19443f4fbc820971ded0dfe) Importer(815301076,1909f56bfc062723c751e8b465ee728b)
Start importing Assets/CreativeCore_Shaders/Materials/Characters/Ellen Display Materials/Quad_Albedo.mat using Guid(38602808b19443f4fbc820971ded0dfe) Importer(815301076,1909f56bfc062723c751e8b465ee728b)  -> (artifact id: '173848d67e8faac20e5621f9b8462079') in 0.009336 seconds 
  Import took 0.013708 seconds .

========================================================================
Received Import Request.
  Time since last request: 0.000240 seconds.
  path: Assets/CreativeCore_Shaders/Materials/Completed Materials/LineUps/Metallic 2.mat
  artifactKey: Guid(c11f086434769d54aaebdde0959d1b5f) Importer(815301076,1909f56bfc062723c751e8b465ee728b)
Start importing Assets/CreativeCore_Shaders/Materials/Completed Materials/LineUps/Metallic 2.mat using Guid(c11f086434769d54aaebdde0959d1b5f) Importer(815301076,1909f56bfc062723c751e8b465ee728b)  -> (artifact id: '9e371633392bf1349fb461c8dcc2f658') in 0.008833 seconds 
  Import took 0.013432 seconds .

========================================================================
Received Import Request.
  Time since last request: 0.000249 seconds.
  path: Assets/CreativeCore_Shaders/Materials/Completed Materials/LineUps/Smoothness 1.mat
  artifactKey: Guid(81117c5445a3c3a469396048618b95bb) Importer(815301076,1909f56bfc062723c751e8b465ee728b)
Start importing Assets/CreativeCore_Shaders/Materials/Completed Materials/LineUps/Smoothness 1.mat using Guid(81117c5445a3c3a469396048618b95bb) Importer(815301076,1909f56bfc062723c751e8b465ee728b)  -> (artifact id: '110154f17f75469080b611ff82548847') in 0.008660 seconds 
  Import took 0.013500 seconds .

========================================================================
Received Import Request.
  Time since last request: 0.000241 seconds.
  path: Assets/CreativeCore_Shaders/Materials/WhiteEmission.mat
  artifactKey: Guid(f20b8f2825cd3a848a479356617322c7) Importer(815301076,1909f56bfc062723c751e8b465ee728b)
Start importing Assets/CreativeCore_Shaders/Materials/WhiteEmission.mat using Guid(f20b8f2825cd3a848a479356617322c7) Importer(815301076,1909f56bfc062723c751e8b465ee728b)  -> (artifact id: '2a0cb956d7cca0c826ea2863983441b4') in 0.186945 seconds 
  Import took 0.191226 seconds .

========================================================================
Received Import Request.
  Time since last request: 0.000192 seconds.
  path: Assets/CreativeCore_Shaders/Materials/Chrome.mat
  artifactKey: Guid(70d19d5391ddccd47bcdc9bb2a9cb69f) Importer(815301076,1909f56bfc062723c751e8b465ee728b)
Start importing Assets/CreativeCore_Shaders/Materials/Chrome.mat using Guid(70d19d5391ddccd47bcdc9bb2a9cb69f) Importer(815301076,1909f56bfc062723c751e8b465ee728b)  -> (artifact id: '44dbc8a3711dc74776948e147e3032d4') in 0.008542 seconds 
  Import took 0.012745 seconds .

========================================================================
Received Import Request.
  Time since last request: 0.000187 seconds.
  path: Assets/CreativeCore_Shaders/Models/Apple.FBX
  artifactKey: Guid(5f0d530d48f8ee34fa8012b771731985) Importer(815301076,1909f56bfc062723c751e8b465ee728b)
Start importing Assets/CreativeCore_Shaders/Models/Apple.FBX using Guid(5f0d530d48f8ee34fa8012b771731985) Importer(815301076,1909f56bfc062723c751e8b465ee728b)  -> (artifact id: 'd996c4bd1e9dea921b1ee2252fae4603') in 0.201814 seconds 
  Import took 0.206098 seconds .

========================================================================
Received Import Request.
  Time since last request: 0.000201 seconds.
  path: Assets/CreativeCore_Shaders/Materials/Completed Materials/LineUps/Specular 3.mat
  artifactKey: Guid(bbcbc8befca695a459d162e6dd288e1f) Importer(815301076,1909f56bfc062723c751e8b465ee728b)
Start importing Assets/CreativeCore_Shaders/Materials/Completed Materials/LineUps/Specular 3.mat using Guid(bbcbc8befca695a459d162e6dd288e1f) Importer(815301076,1909f56bfc062723c751e8b465ee728b)  -> (artifact id: '0d516fc55c6d198d9c7873ed8ee8d149') in 0.009320 seconds 
  Import took 0.013398 seconds .

========================================================================
Received Import Request.
  Time since last request: 0.000233 seconds.
  path: Assets/CreativeCore_Shaders/Materials/Completed Materials/LineUps/Smoothness 5.mat
  artifactKey: Guid(45ae12097fa60734ca4af7158c798897) Importer(815301076,1909f56bfc062723c751e8b465ee728b)
Start importing Assets/CreativeCore_Shaders/Materials/Completed Materials/LineUps/Smoothness 5.mat using Guid(45ae12097fa60734ca4af7158c798897) Importer(815301076,1909f56bfc062723c751e8b465ee728b)  -> (artifact id: 'bb94f4772daf669184802ba6008707d7') in 0.007808 seconds 
  Import took 0.012337 seconds .

========================================================================
Received Import Request.
  Time since last request: 0.000220 seconds.
  path: Assets/CreativeCore_Shaders/Materials/LemonYellow.mat
  artifactKey: Guid(faaa6adeb4769c84fae1bbb81ae7775d) Importer(815301076,1909f56bfc062723c751e8b465ee728b)
Start importing Assets/CreativeCore_Shaders/Materials/LemonYellow.mat using Guid(faaa6adeb4769c84fae1bbb81ae7775d) Importer(815301076,1909f56bfc062723c751e8b465ee728b)  -> (artifact id: '4e76b829e60ee3097d92a74408fcba4b') in 0.008891 seconds 
  Import took 0.012981 seconds .

========================================================================
Received Import Request.
  Time since last request: 0.000226 seconds.
  path: Packages/com.unity.searcher/Editor/Resources/FlatSkin/Font/Roboto-Medium.ttf
  artifactKey: Guid(a51a3aebb43ac044989270407476b208) Importer(815301076,1909f56bfc062723c751e8b465ee728b)
Start importing Packages/com.unity.searcher/Editor/Resources/FlatSkin/Font/Roboto-Medium.ttf using Guid(a51a3aebb43ac044989270407476b208) Importer(815301076,1909f56bfc062723c751e8b465ee728b)  -> (artifact id: '902242e115a183ce41f871a740ac435e') in 0.012553 seconds 
  Import took 0.017288 seconds .

========================================================================
Received Import Request.
  Time since last request: 0.000215 seconds.
  path: Assets/CreativeCore_Shaders/Models/Pear.FBX
  artifactKey: Guid(a95f74ef5a23e0c4c9968727609344e2) Importer(815301076,1909f56bfc062723c751e8b465ee728b)
Start importing Assets/CreativeCore_Shaders/Models/Pear.FBX using Guid(a95f74ef5a23e0c4c9968727609344e2) Importer(815301076,1909f56bfc062723c751e8b465ee728b)  -> (artifact id: 'f6ada8150f9bacc9c0c5bd09bf1e527d') in 0.027512 seconds 
  Import took 0.032237 seconds .

========================================================================
Received Import Request.
  Time since last request: 0.000229 seconds.
  path: Packages/com.unity.searcher/Editor/Resources/FlatSkin/Font/Roboto-BoldItalic.ttf
  artifactKey: Guid(dfb97a9307a577a41bcacba34b9a7e32) Importer(815301076,1909f56bfc062723c751e8b465ee728b)
Start importing Packages/com.unity.searcher/Editor/Resources/FlatSkin/Font/Roboto-BoldItalic.ttf using Guid(dfb97a9307a577a41bcacba34b9a7e32) Importer(815301076,1909f56bfc062723c751e8b465ee728b)  -> (artifact id: '9a19c6483342045242b4acd4e1199bfe') in 0.012696 seconds 
  Import took 0.017321 seconds .

========================================================================
Received Import Request.
  Time since last request: 0.000248 seconds.
  path: Packages/com.unity.searcher/Editor/Resources/FlatSkin/Font/Roboto-Light.ttf
  artifactKey: Guid(2a29e27936eb547458f646f71125b264) Importer(815301076,1909f56bfc062723c751e8b465ee728b)
Start importing Packages/com.unity.searcher/Editor/Resources/FlatSkin/Font/Roboto-Light.ttf using Guid(2a29e27936eb547458f646f71125b264) Importer(815301076,1909f56bfc062723c751e8b465ee728b)  -> (artifact id: 'a763c6bf2cea5b90d6a812dc1ee5d082') in 0.011546 seconds 
  Import took 0.016092 seconds .

========================================================================
Received Import Request.
  Time since last request: 0.000207 seconds.
  path: Packages/com.unity.searcher/Editor/Resources/FlatSkin/Font/Roboto-LightItalic.ttf
  artifactKey: Guid(5e63515167650a541b309ba3bfd4db3d) Importer(815301076,1909f56bfc062723c751e8b465ee728b)
Start importing Packages/com.unity.searcher/Editor/Resources/FlatSkin/Font/Roboto-LightItalic.ttf using Guid(5e63515167650a541b309ba3bfd4db3d) Importer(815301076,1909f56bfc062723c751e8b465ee728b)  -> (artifact id: 'e42701aa2754ddcfdfde0474c14b7657') in 0.010511 seconds 
  Import took 0.014943 seconds .

========================================================================
Received Import Request.
  Time since last request: 469.440157 seconds.
  path: Assets/CreativeCore_Shaders/Materials/AppleGreen.mat
  artifactKey: Guid(dfdbbf9f1ad2ce847885e3477d503408) Importer(815301076,1909f56bfc062723c751e8b465ee728b)
Start importing Assets/CreativeCore_Shaders/Materials/AppleGreen.mat using Guid(dfdbbf9f1ad2ce847885e3477d503408) Importer(815301076,1909f56bfc062723c751e8b465ee728b)  -> (artifact id: '67a7f9db9f2a2b62bb0a0bb2b7637cd3') in 0.009043 seconds 
  Import took 0.014168 seconds .

========================================================================
Received Import Request.
  Time since last request: 7.903278 seconds.
  path: Assets/CreativeCore_Shaders/Materials
  artifactKey: Guid(d0234ba368eeec9418390da711bfdad0) Importer(815301076,1909f56bfc062723c751e8b465ee728b)
Start importing Assets/CreativeCore_Shaders/Materials using Guid(d0234ba368eeec9418390da711bfdad0) Importer(815301076,1909f56bfc062723c751e8b465ee728b)  -> (artifact id: 'fa67f7aafba014bdcc74449d8eba51d0') in 0.010850 seconds 
  Import took 0.015485 seconds .

========================================================================
Received Import Request.
  Time since last request: 21.535915 seconds.
  path: Assets/CreativeCore_Shaders/Materials/AppleRed 2.mat
  artifactKey: Guid(f4c3f03f3332e464cb93c7da1bb599d0) Importer(815301076,1909f56bfc062723c751e8b465ee728b)
Start importing Assets/CreativeCore_Shaders/Materials/AppleRed 2.mat using Guid(f4c3f03f3332e464cb93c7da1bb599d0) Importer(815301076,1909f56bfc062723c751e8b465ee728b)  -> (artifact id: '272e17cce3663a76060f5791d3808286') in 0.007565 seconds 
  Import took 0.012305 seconds .

========================================================================
Received Import Request.
  Time since last request: 103.771351 seconds.
  path: Assets/CreativeCore_Shaders/Materials/AppleRed 2.mat
  artifactKey: Guid(f4c3f03f3332e464cb93c7da1bb599d0) Importer(815301076,1909f56bfc062723c751e8b465ee728b)
Start importing Assets/CreativeCore_Shaders/Materials/AppleRed 2.mat using Guid(f4c3f03f3332e464cb93c7da1bb599d0) Importer(815301076,1909f56bfc062723c751e8b465ee728b)  -> (artifact id: '93eb19677c993f1cb5e112ea2f79061d') in 0.007763 seconds 
  Import took 0.012558 seconds .

========================================================================
Received Import Request.
  Time since last request: 0.000276 seconds.
  path: Assets/CreativeCore_Shaders/Materials/AppleRed 3.mat
  artifactKey: Guid(8d484b8b43586b0478e54b0ac49d2249) Importer(815301076,1909f56bfc062723c751e8b465ee728b)
Start importing Assets/CreativeCore_Shaders/Materials/AppleRed 3.mat using Guid(8d484b8b43586b0478e54b0ac49d2249) Importer(815301076,1909f56bfc062723c751e8b465ee728b)  -> (artifact id: '59615aee33eb8663a23d064813625dba') in 0.010235 seconds 
  Import took 0.014625 seconds .

========================================================================
Received Import Request.
  Time since last request: 19.509674 seconds.
  path: Assets/CreativeCore_Shaders/Materials/Apple Light Red.mat
  artifactKey: Guid(8d484b8b43586b0478e54b0ac49d2249) Importer(815301076,1909f56bfc062723c751e8b465ee728b)
Start importing Assets/CreativeCore_Shaders/Materials/Apple Light Red.mat using Guid(8d484b8b43586b0478e54b0ac49d2249) Importer(815301076,1909f56bfc062723c751e8b465ee728b)  -> (artifact id: '1ee402791e077e4d78c72c00750a86e8') in 0.007662 seconds 
  Import took 0.021545 seconds .

========================================================================
Received Import Request.
  Time since last request: 161.323439 seconds.
  path: Assets/CreativeCore_Shaders/Materials/Apple Light Red.mat
  artifactKey: Guid(8d484b8b43586b0478e54b0ac49d2249) Importer(815301076,1909f56bfc062723c751e8b465ee728b)
Start importing Assets/CreativeCore_Shaders/Materials/Apple Light Red.mat using Guid(8d484b8b43586b0478e54b0ac49d2249) Importer(815301076,1909f56bfc062723c751e8b465ee728b)  -> (artifact id: '6f46b359123c87ff60743fdb5f929e21') in 0.008609 seconds 
  Import took 0.013701 seconds .

AssetImportWorkerClient::OnTransportError - code=2 error=End of file
